This is XeTeX, Version 3.141592653-2.6-0.999996 (TeX Live 2024) (preloaded format=xelatex 2024.9.4)  21 MAY 2025 10:36
entering extended mode
 restricted \write18 enabled.
 %&-line parsing enabled.
**intro-to-r.tex
(./intro-to-r.tex
LaTeX2e <2023-11-01> patch level 1
L3 programming layer <2024-02-20>
(/usr/local/texlive/2024/texmf-dist/tex/latex/base/book.cls
Document Class: book 2023/05/17 v1.4n Standard LaTeX document class
(/usr/local/texlive/2024/texmf-dist/tex/latex/base/bk10.clo
File: bk10.clo 2023/05/17 v1.4n Standard LaTeX file (size option)
)
\c@part=\count184
\c@chapter=\count185
\c@section=\count186
\c@subsection=\count187
\c@subsubsection=\count188
\c@paragraph=\count189
\c@subparagraph=\count190
\c@figure=\count191
\c@table=\count192
\abovecaptionskip=\skip48
\belowcaptionskip=\skip49
\bibindent=\dimen140
) (/usr/local/texlive/2024/texmf-dist/tex/latex/amsmath/amsmath.sty
Package: amsmath 2023/05/13 v2.17o AMS math features
\@mathmargin=\skip50
For additional information on amsmath, use the `?' option.
(/usr/local/texlive/2024/texmf-dist/tex/latex/amsmath/amstext.sty
Package: amstext 2021/08/26 v2.01 AMS text
(/usr/local/texlive/2024/texmf-dist/tex/latex/amsmath/amsgen.sty
File: amsgen.sty 1999/11/30 v2.0 generic functions
\@emptytoks=\toks17
\ex@=\dimen141
)) (/usr/local/texlive/2024/texmf-dist/tex/latex/amsmath/amsbsy.sty
Package: amsbsy 1999/11/29 v1.2d Bold Symbols
\pmbraise@=\dimen142
) (/usr/local/texlive/2024/texmf-dist/tex/latex/amsmath/amsopn.sty
Package: amsopn 2022/04/08 v2.04 operator names
)
\inf@bad=\count193
LaTeX Info: Redefining \frac on input line 234.
\uproot@=\count194
\leftroot@=\count195
LaTeX Info: Redefining \overline on input line 399.
LaTeX Info: Redefining \colon on input line 410.
\classnum@=\count196
\DOTSCASE@=\count197
LaTeX Info: Redefining \ldots on input line 496.
LaTeX Info: Redefining \dots on input line 499.
LaTeX Info: Redefining \cdots on input line 620.
\Mathstrutbox@=\box51
\strutbox@=\box52
LaTeX Info: Redefining \big on input line 722.
LaTeX Info: Redefining \Big on input line 723.
LaTeX Info: Redefining \bigg on input line 724.
LaTeX Info: Redefining \Bigg on input line 725.
\big@size=\dimen143
LaTeX Font Info:    Redeclaring font encoding OML on input line 743.
LaTeX Font Info:    Redeclaring font encoding OMS on input line 744.
\macc@depth=\count198
LaTeX Info: Redefining \bmod on input line 905.
LaTeX Info: Redefining \pmod on input line 910.
LaTeX Info: Redefining \smash on input line 940.
LaTeX Info: Redefining \relbar on input line 970.
LaTeX Info: Redefining \Relbar on input line 971.
\c@MaxMatrixCols=\count199
\dotsspace@=\muskip16
\c@parentequation=\count266
\dspbrk@lvl=\count267
\tag@help=\toks18
\row@=\count268
\column@=\count269
\maxfields@=\count270
\andhelp@=\toks19
\eqnshift@=\dimen144
\alignsep@=\dimen145
\tagshift@=\dimen146
\tagwidth@=\dimen147
\totwidth@=\dimen148
\lineht@=\dimen149
\@envbody=\toks20
\multlinegap=\skip51
\multlinetaggap=\skip52
\mathdisplay@stack=\toks21
LaTeX Info: Redefining \[ on input line 2953.
LaTeX Info: Redefining \] on input line 2954.
) (/usr/local/texlive/2024/texmf-dist/tex/latex/amsfonts/amssymb.sty
Package: amssymb 2013/01/14 v3.01 AMS font symbols
(/usr/local/texlive/2024/texmf-dist/tex/latex/amsfonts/amsfonts.sty
Package: amsfonts 2013/01/14 v3.01 Basic AMSFonts support
\symAMSa=\mathgroup4
\symAMSb=\mathgroup5
LaTeX Font Info:    Redeclaring math symbol \hbar on input line 98.
LaTeX Font Info:    Overwriting math alphabet `\mathfrak' in version `bold'
(Font)                  U/euf/m/n --> U/euf/b/n on input line 106.
)) (/usr/local/texlive/2024/texmf-dist/tex/generic/iftex/iftex.sty
Package: iftex 2022/02/03 v1.0f TeX engine tests
) (/usr/local/texlive/2024/texmf-dist/tex/latex/unicode-math/unicode-math.sty (
/usr/local/texlive/2024/texmf-dist/tex/latex/l3kernel/expl3.sty
Package: expl3 2024-02-20 L3 programming layer (loader) 
(/usr/local/texlive/2024/texmf-dist/tex/latex/l3backend/l3backend-xetex.def
File: l3backend-xetex.def 2024-02-20 L3 backend support: XeTeX
\g__graphics_track_int=\count271
\l__pdf_internal_box=\box53
\g__pdf_backend_object_int=\count272
\g__pdf_backend_annotation_int=\count273
\g__pdf_backend_link_int=\count274
))
Package: unicode-math 2023/08/13 v0.8r Unicode maths in XeLaTeX and LuaLaTeX

(/usr/local/texlive/2024/texmf-dist/tex/latex/unicode-math/unicode-math-xetex.s
ty
Package: unicode-math-xetex 2023/08/13 v0.8r Unicode maths in XeLaTeX and LuaLa
TeX
(/usr/local/texlive/2024/texmf-dist/tex/latex/l3packages/xparse/xparse.sty
Package: xparse 2024-02-18 L3 Experimental document command parser
) (/usr/local/texlive/2024/texmf-dist/tex/latex/l3packages/l3keys2e/l3keys2e.st
y
Package: l3keys2e 2024-02-18 LaTeX2e option processing using LaTeX3 keys
) (/usr/local/texlive/2024/texmf-dist/tex/latex/fontspec/fontspec.sty
Package: fontspec 2024/02/13 v2.9a Font selection for XeLaTeX and LuaLaTeX
(/usr/local/texlive/2024/texmf-dist/tex/latex/fontspec/fontspec-xetex.sty
Package: fontspec-xetex 2024/02/13 v2.9a Font selection for XeLaTeX and LuaLaTe
X
\l__fontspec_script_int=\count275
\l__fontspec_language_int=\count276
\l__fontspec_strnum_int=\count277
\l__fontspec_tmp_int=\count278
\l__fontspec_tmpa_int=\count279
\l__fontspec_tmpb_int=\count280
\l__fontspec_tmpc_int=\count281
\l__fontspec_em_int=\count282
\l__fontspec_emdef_int=\count283
\l__fontspec_strong_int=\count284
\l__fontspec_strongdef_int=\count285
\l__fontspec_tmpa_dim=\dimen150
\l__fontspec_tmpb_dim=\dimen151
\l__fontspec_tmpc_dim=\dimen152
(/usr/local/texlive/2024/texmf-dist/tex/latex/base/fontenc.sty
Package: fontenc 2021/04/29 v2.0v Standard LaTeX package
) (/usr/local/texlive/2024/texmf-dist/tex/latex/fontspec/fontspec.cfg))) (/usr/
local/texlive/2024/texmf-dist/tex/latex/base/fix-cm.sty
Package: fix-cm 2020/11/24 v1.1t fixes to LaTeX
(/usr/local/texlive/2024/texmf-dist/tex/latex/base/ts1enc.def
File: ts1enc.def 2001/06/05 v3.0e (jk/car/fm) Standard LaTeX file
LaTeX Font Info:    Redeclaring font encoding TS1 on input line 47.
))
\g__um_fam_int=\count286
\g__um_fonts_used_int=\count287
\l__um_primecount_int=\count288
\g__um_primekern_muskip=\muskip17

(/usr/local/texlive/2024/texmf-dist/tex/latex/unicode-math/unicode-math-table.t
ex))) (/usr/local/texlive/2024/texmf-dist/tex/latex/lm/lmodern.sty
Package: lmodern 2015/05/01 v1.6.1 Latin Modern Fonts
LaTeX Font Info:    Overwriting symbol font `operators' in version `normal'
(Font)                  OT1/cmr/m/n --> OT1/lmr/m/n on input line 22.
LaTeX Font Info:    Overwriting symbol font `letters' in version `normal'
(Font)                  OML/cmm/m/it --> OML/lmm/m/it on input line 23.
LaTeX Font Info:    Overwriting symbol font `symbols' in version `normal'
(Font)                  OMS/cmsy/m/n --> OMS/lmsy/m/n on input line 24.
LaTeX Font Info:    Overwriting symbol font `largesymbols' in version `normal'
(Font)                  OMX/cmex/m/n --> OMX/lmex/m/n on input line 25.
LaTeX Font Info:    Overwriting symbol font `operators' in version `bold'
(Font)                  OT1/cmr/bx/n --> OT1/lmr/bx/n on input line 26.
LaTeX Font Info:    Overwriting symbol font `letters' in version `bold'
(Font)                  OML/cmm/b/it --> OML/lmm/b/it on input line 27.
LaTeX Font Info:    Overwriting symbol font `symbols' in version `bold'
(Font)                  OMS/cmsy/b/n --> OMS/lmsy/b/n on input line 28.
LaTeX Font Info:    Overwriting symbol font `largesymbols' in version `bold'
(Font)                  OMX/cmex/m/n --> OMX/lmex/m/n on input line 29.
LaTeX Font Info:    Overwriting math alphabet `\mathbf' in version `normal'
(Font)                  OT1/cmr/bx/n --> OT1/lmr/bx/n on input line 31.
LaTeX Font Info:    Overwriting math alphabet `\mathsf' in version `normal'
(Font)                  OT1/cmss/m/n --> OT1/lmss/m/n on input line 32.
LaTeX Font Info:    Overwriting math alphabet `\mathit' in version `normal'
(Font)                  OT1/cmr/m/it --> OT1/lmr/m/it on input line 33.
LaTeX Font Info:    Overwriting math alphabet `\mathtt' in version `normal'
(Font)                  OT1/cmtt/m/n --> OT1/lmtt/m/n on input line 34.
LaTeX Font Info:    Overwriting math alphabet `\mathbf' in version `bold'
(Font)                  OT1/cmr/bx/n --> OT1/lmr/bx/n on input line 35.
LaTeX Font Info:    Overwriting math alphabet `\mathsf' in version `bold'
(Font)                  OT1/cmss/bx/n --> OT1/lmss/bx/n on input line 36.
LaTeX Font Info:    Overwriting math alphabet `\mathit' in version `bold'
(Font)                  OT1/cmr/bx/it --> OT1/lmr/bx/it on input line 37.
LaTeX Font Info:    Overwriting math alphabet `\mathtt' in version `bold'
(Font)                  OT1/cmtt/m/n --> OT1/lmtt/m/n on input line 38.
) (/usr/local/texlive/2024/texmf-dist/tex/latex/upquote/upquote.sty
Package: upquote 2012/04/19 v1.3 upright-quote and grave-accent glyphs in verba
tim
(/usr/local/texlive/2024/texmf-dist/tex/latex/base/textcomp.sty
Package: textcomp 2020/02/02 v2.0n Standard LaTeX package
)) (/usr/local/texlive/2024/texmf-dist/tex/latex/microtype/microtype.sty
Package: microtype 2023/03/13 v3.1a Micro-typographical refinements (RS)
(/usr/local/texlive/2024/texmf-dist/tex/latex/graphics/keyval.sty
Package: keyval 2022/05/29 v1.15 key=value parser (DPC)
\KV@toks@=\toks22
) (/usr/local/texlive/2024/texmf-dist/tex/latex/etoolbox/etoolbox.sty
Package: etoolbox 2020/10/05 v2.5k e-TeX tools for LaTeX (JAW)
\etb@tempcnta=\count289
)
\MT@toks=\toks23
\MT@tempbox=\box54
\MT@count=\count290
LaTeX Info: Redefining \noprotrusionifhmode on input line 1059.
LaTeX Info: Redefining \leftprotrusion on input line 1060.
\MT@prot@toks=\toks24
LaTeX Info: Redefining \rightprotrusion on input line 1078.
LaTeX Info: Redefining \textls on input line 1368.
\MT@outer@kern=\dimen153
LaTeX Info: Redefining \textmicrotypecontext on input line 1988.
\MT@listname@count=\count291
(/usr/local/texlive/2024/texmf-dist/tex/latex/microtype/microtype-xetex.def
File: microtype-xetex.def 2023/03/13 v3.1a Definitions specific to xetex (RS)
LaTeX Info: Redefining \lsstyle on input line 238.
)
Package microtype Info: Loading configuration file microtype.cfg.
(/usr/local/texlive/2024/texmf-dist/tex/latex/microtype/microtype.cfg
File: microtype.cfg 2023/03/13 v3.1a microtype main configuration file (RS)
)) (/usr/local/texlive/2024/texmf-dist/tex/latex/parskip/parskip.sty
Package: parskip 2021-03-14 v2.0h non-zero parskip adjustments
(/usr/local/texlive/2024/texmf-dist/tex/latex/kvoptions/kvoptions.sty
Package: kvoptions 2022-06-15 v3.15 Key value format for package options (HO)
(/usr/local/texlive/2024/texmf-dist/tex/generic/ltxcmds/ltxcmds.sty
Package: ltxcmds 2023-12-04 v1.26 LaTeX kernel commands for general use (HO)
) (/usr/local/texlive/2024/texmf-dist/tex/latex/kvsetkeys/kvsetkeys.sty
Package: kvsetkeys 2022-10-05 v1.19 Key value parser (HO)
))) (/usr/local/texlive/2024/texmf-dist/tex/latex/xcolor/xcolor.sty
Package: xcolor 2023/11/15 v3.01 LaTeX color extensions (UK)
(/usr/local/texlive/2024/texmf-dist/tex/latex/graphics-cfg/color.cfg
File: color.cfg 2016/01/02 v1.6 sample color configuration
)
Package xcolor Info: Driver file: xetex.def on input line 274.
(/usr/local/texlive/2024/texmf-dist/tex/latex/graphics-def/xetex.def
File: xetex.def 2022/09/22 v5.0n Graphics/color driver for xetex
) (/usr/local/texlive/2024/texmf-dist/tex/latex/graphics/mathcolor.ltx)
Package xcolor Info: Model `cmy' substituted by `cmy0' on input line 1350.
Package xcolor Info: Model `RGB' extended on input line 1366.
Package xcolor Info: Model `HTML' substituted by `rgb' on input line 1368.
Package xcolor Info: Model `Hsb' substituted by `hsb' on input line 1369.
Package xcolor Info: Model `tHsb' substituted by `hsb' on input line 1370.
Package xcolor Info: Model `HSB' substituted by `hsb' on input line 1371.
Package xcolor Info: Model `Gray' substituted by `gray' on input line 1372.
Package xcolor Info: Model `wave' substituted by `hsb' on input line 1373.
) (/usr/local/texlive/2024/texmf-dist/tex/latex/fancyvrb/fancyvrb.sty
Package: fancyvrb 2024/01/20 4.5c verbatim text (tvz,hv)
\FV@CodeLineNo=\count292
\FV@InFile=\read2
\FV@TabBox=\box55
\c@FancyVerbLine=\count293
\FV@StepNumber=\count294
\FV@OutFile=\write3
) (/usr/local/texlive/2024/texmf-dist/tex/latex/framed/framed.sty
Package: framed 2011/10/22 v 0.96: framed or shaded text with page breaks
\OuterFrameSep=\skip53
\fb@frw=\dimen154
\fb@frh=\dimen155
\FrameRule=\dimen156
\FrameSep=\dimen157
) (/usr/local/texlive/2024/texmf-dist/tex/latex/tools/longtable.sty
Package: longtable 2023-11-01 v4.19 Multi-page Table package (DPC)
\LTleft=\skip54
\LTright=\skip55
\LTpre=\skip56
\LTpost=\skip57
\LTchunksize=\count295
\LTcapwidth=\dimen158
\LT@head=\box56
\LT@firsthead=\box57
\LT@foot=\box58
\LT@lastfoot=\box59
\LT@gbox=\box60
\LT@cols=\count296
\LT@rows=\count297
\c@LT@tables=\count298
\c@LT@chunks=\count299
\LT@p@ftn=\toks25
) (/usr/local/texlive/2024/texmf-dist/tex/latex/booktabs/booktabs.sty
Package: booktabs 2020/01/12 v1.61803398 Publication quality tables
\heavyrulewidth=\dimen159
\lightrulewidth=\dimen160
\cmidrulewidth=\dimen161
\belowrulesep=\dimen162
\belowbottomsep=\dimen163
\aboverulesep=\dimen164
\abovetopsep=\dimen165
\cmidrulesep=\dimen166
\cmidrulekern=\dimen167
\defaultaddspace=\dimen168
\@cmidla=\count300
\@cmidlb=\count301
\@aboverulesep=\dimen169
\@belowrulesep=\dimen170
\@thisruleclass=\count302
\@lastruleclass=\count303
\@thisrulewidth=\dimen171
) (/usr/local/texlive/2024/texmf-dist/tex/latex/tools/array.sty
Package: array 2023/10/16 v2.5g Tabular extension package (FMi)
\col@sep=\dimen172
\ar@mcellbox=\box61
\extrarowheight=\dimen173
\NC@list=\toks26
\extratabsurround=\skip58
\backup@length=\skip59
\ar@cellbox=\box62
) (/usr/local/texlive/2024/texmf-dist/tex/latex/tools/calc.sty
Package: calc 2023/07/08 v4.3 Infix arithmetic (KKT,FJ)
\calc@Acount=\count304
\calc@Bcount=\count305
\calc@Adimen=\dimen174
\calc@Bdimen=\dimen175
\calc@Askip=\skip60
\calc@Bskip=\skip61
LaTeX Info: Redefining \setlength on input line 80.
LaTeX Info: Redefining \addtolength on input line 81.
\calc@Ccount=\count306
\calc@Cskip=\skip62
) (/usr/local/texlive/2024/texmf-dist/tex/latex/footnotehyper/footnotehyper.sty
Package: footnotehyper 2021/08/13 v1.1e hyperref aware footnote.sty (JFB)
\FNH@notes=\box63
\FNH@width=\dimen176
\FNH@toks=\toks27
) (/usr/local/texlive/2024/texmf-dist/tex/latex/graphics/graphicx.sty
Package: graphicx 2021/09/16 v1.2d Enhanced LaTeX Graphics (DPC,SPQR)
(/usr/local/texlive/2024/texmf-dist/tex/latex/graphics/graphics.sty
Package: graphics 2022/03/10 v1.4e Standard LaTeX Graphics (DPC,SPQR)
(/usr/local/texlive/2024/texmf-dist/tex/latex/graphics/trig.sty
Package: trig 2021/08/11 v1.11 sin cos tan (DPC)
) (/usr/local/texlive/2024/texmf-dist/tex/latex/graphics-cfg/graphics.cfg
File: graphics.cfg 2016/06/04 v1.11 sample graphics configuration
)
Package graphics Info: Driver file: xetex.def on input line 107.
)
\Gin@req@height=\dimen177
\Gin@req@width=\dimen178
)
\pandoc@box=\box64
(/usr/local/texlive/2024/texmf-dist/tex/latex/natbib/natbib.sty
Package: natbib 2010/09/13 8.31b (PWD, AO)
\bibhang=\skip63
\bibsep=\skip64
LaTeX Info: Redefining \cite on input line 694.
\c@NAT@ctr=\count307
) (/usr/local/texlive/2024/texmf-dist/tex/latex/bookmark/bookmark.sty
Package: bookmark 2023-12-10 v1.31 PDF bookmarks (HO)
(/usr/local/texlive/2024/texmf-dist/tex/latex/hyperref/hyperref.sty
Package: hyperref 2024-01-20 v7.01h Hypertext links for LaTeX
(/usr/local/texlive/2024/texmf-dist/tex/generic/kvdefinekeys/kvdefinekeys.sty
Package: kvdefinekeys 2019-12-19 v1.6 Define keys (HO)
) (/usr/local/texlive/2024/texmf-dist/tex/generic/pdfescape/pdfescape.sty
Package: pdfescape 2019/12/09 v1.15 Implements pdfTeX's escape features (HO)
(/usr/local/texlive/2024/texmf-dist/tex/generic/pdftexcmds/pdftexcmds.sty
Package: pdftexcmds 2020-06-27 v0.33 Utility functions of pdfTeX for LuaTeX (HO
)
(/usr/local/texlive/2024/texmf-dist/tex/generic/infwarerr/infwarerr.sty
Package: infwarerr 2019/12/03 v1.5 Providing info/warning/error messages (HO)
)
Package pdftexcmds Info: \pdf@primitive is available.
Package pdftexcmds Info: \pdf@ifprimitive is available.
Package pdftexcmds Info: \pdfdraftmode not found.
)) (/usr/local/texlive/2024/texmf-dist/tex/latex/hycolor/hycolor.sty
Package: hycolor 2020-01-27 v1.10 Color options for hyperref/bookmark (HO)
) (/usr/local/texlive/2024/texmf-dist/tex/latex/auxhook/auxhook.sty
Package: auxhook 2019-12-17 v1.6 Hooks for auxiliary files (HO)
) (/usr/local/texlive/2024/texmf-dist/tex/latex/hyperref/nameref.sty
Package: nameref 2023-11-26 v2.56 Cross-referencing by name of section
(/usr/local/texlive/2024/texmf-dist/tex/latex/refcount/refcount.sty
Package: refcount 2019/12/15 v3.6 Data extraction from label references (HO)
)
(/usr/local/texlive/2024/texmf-dist/tex/generic/gettitlestring/gettitlestring.s
ty
Package: gettitlestring 2019/12/15 v1.6 Cleanup title references (HO)
)
\c@section@level=\count308
)
\@linkdim=\dimen179
\Hy@linkcounter=\count309
\Hy@pagecounter=\count310
(/usr/local/texlive/2024/texmf-dist/tex/latex/hyperref/pd1enc.def
File: pd1enc.def 2024-01-20 v7.01h Hyperref: PDFDocEncoding definition (HO)
) (/usr/local/texlive/2024/texmf-dist/tex/generic/intcalc/intcalc.sty
Package: intcalc 2019/12/15 v1.3 Expandable calculations with integers (HO)
)
\Hy@SavedSpaceFactor=\count311
(/usr/local/texlive/2024/texmf-dist/tex/latex/hyperref/puenc.def
File: puenc.def 2024-01-20 v7.01h Hyperref: PDF Unicode definition (HO)
)
Package hyperref Info: Option `unicode' set `true' on input line 4062.
Package hyperref Info: Hyper figures OFF on input line 4179.
Package hyperref Info: Link nesting OFF on input line 4184.
Package hyperref Info: Hyper index ON on input line 4187.
Package hyperref Info: Plain pages OFF on input line 4194.
Package hyperref Info: Backreferencing OFF on input line 4199.
Package hyperref Info: Implicit mode ON; LaTeX internals redefined.
Package hyperref Info: Bookmarks ON on input line 4446.
\c@Hy@tempcnt=\count312
(/usr/local/texlive/2024/texmf-dist/tex/latex/url/url.sty
\Urlmuskip=\muskip18
Package: url 2013/09/16  ver 3.4  Verb mode for urls, etc.
)
LaTeX Info: Redefining \url on input line 4784.
\XeTeXLinkMargin=\dimen180
(/usr/local/texlive/2024/texmf-dist/tex/generic/bitset/bitset.sty
Package: bitset 2019/12/09 v1.3 Handle bit-vector datatype (HO)
(/usr/local/texlive/2024/texmf-dist/tex/generic/bigintcalc/bigintcalc.sty
Package: bigintcalc 2019/12/15 v1.5 Expandable calculations on big integers (HO
)
))
\Fld@menulength=\count313
\Field@Width=\dimen181
\Fld@charsize=\dimen182
Package hyperref Info: Hyper figures OFF on input line 6063.
Package hyperref Info: Link nesting OFF on input line 6068.
Package hyperref Info: Hyper index ON on input line 6071.
Package hyperref Info: backreferencing OFF on input line 6078.
Package hyperref Info: Link coloring OFF on input line 6083.
Package hyperref Info: Link coloring with OCG OFF on input line 6088.
Package hyperref Info: PDF/A mode OFF on input line 6093.
(/usr/local/texlive/2024/texmf-dist/tex/latex/base/atbegshi-ltx.sty
Package: atbegshi-ltx 2021/01/10 v1.0c Emulation of the original atbegshi
package with kernel methods
)
\Hy@abspage=\count314
\c@Item=\count315
\c@Hfootnote=\count316
)
Package hyperref Info: Driver (autodetected): hxetex.
(/usr/local/texlive/2024/texmf-dist/tex/latex/hyperref/hxetex.def
File: hxetex.def 2024-01-20 v7.01h Hyperref driver for XeTeX
(/usr/local/texlive/2024/texmf-dist/tex/generic/stringenc/stringenc.sty
Package: stringenc 2019/11/29 v1.12 Convert strings between diff. encodings (HO
)
)
\pdfm@box=\box65
\c@Hy@AnnotLevel=\count317
\HyField@AnnotCount=\count318
\Fld@listcount=\count319
\c@bookmark@seq@number=\count320

(/usr/local/texlive/2024/texmf-dist/tex/latex/rerunfilecheck/rerunfilecheck.sty
Package: rerunfilecheck 2022-07-10 v1.10 Rerun checks for auxiliary files (HO)
(/usr/local/texlive/2024/texmf-dist/tex/latex/base/atveryend-ltx.sty
Package: atveryend-ltx 2020/08/19 v1.0a Emulation of the original atveryend pac
kage
with kernel methods
)
(/usr/local/texlive/2024/texmf-dist/tex/generic/uniquecounter/uniquecounter.sty
Package: uniquecounter 2019/12/15 v1.4 Provide unlimited unique counter (HO)
)
Package uniquecounter Info: New unique counter `rerunfilecheck' on input line 2
85.
)
\Hy@SectionHShift=\skip65
) (/usr/local/texlive/2024/texmf-dist/tex/latex/bookmark/bkm-dvipdfm.def
File: bkm-dvipdfm.def 2023-12-10 v1.31 bookmark driver for dvipdfm (HO)
\BKM@id=\count321
)) (/usr/local/texlive/2024/texmf-dist/tex/latex/xurl/xurl.sty
Package: xurl 2022/01/09 v 0.10 modify URL breaks
) (./intro-to-r.aux)
\openout1 = `intro-to-r.aux'.

LaTeX Font Info:    Checking defaults for OML/cmm/m/it on input line 124.
LaTeX Font Info:    ... okay on input line 124.
LaTeX Font Info:    Checking defaults for OMS/cmsy/m/n on input line 124.
LaTeX Font Info:    ... okay on input line 124.
LaTeX Font Info:    Checking defaults for OT1/cmr/m/n on input line 124.
LaTeX Font Info:    ... okay on input line 124.
LaTeX Font Info:    Checking defaults for T1/cmr/m/n on input line 124.
LaTeX Font Info:    ... okay on input line 124.
LaTeX Font Info:    Checking defaults for TS1/cmr/m/n on input line 124.
LaTeX Font Info:    ... okay on input line 124.
LaTeX Font Info:    Checking defaults for TU/lmr/m/n on input line 124.
LaTeX Font Info:    ... okay on input line 124.
LaTeX Font Info:    Checking defaults for OMX/cmex/m/n on input line 124.
LaTeX Font Info:    ... okay on input line 124.
LaTeX Font Info:    Checking defaults for U/cmr/m/n on input line 124.
LaTeX Font Info:    ... okay on input line 124.
LaTeX Font Info:    Checking defaults for PD1/pdf/m/n on input line 124.
LaTeX Font Info:    ... okay on input line 124.
LaTeX Font Info:    Checking defaults for PU/pdf/m/n on input line 124.
LaTeX Font Info:    ... okay on input line 124.
LaTeX Font Info:    Overwriting math alphabet `\mathrm' in version `normal'
(Font)                  OT1/lmr/m/n --> TU/lmr/m/n on input line 124.
LaTeX Font Info:    Overwriting math alphabet `\mathit' in version `normal'
(Font)                  OT1/lmr/m/it --> TU/lmr/m/it on input line 124.
LaTeX Font Info:    Overwriting math alphabet `\mathbf' in version `normal'
(Font)                  OT1/lmr/bx/n --> TU/lmr/bx/n on input line 124.
LaTeX Font Info:    Overwriting math alphabet `\mathsf' in version `normal'
(Font)                  OT1/lmss/m/n --> TU/lmss/m/n on input line 124.
LaTeX Font Info:    Overwriting math alphabet `\mathsf' in version `bold'
(Font)                  OT1/lmss/bx/n --> TU/lmss/bx/n on input line 124.
LaTeX Font Info:    Overwriting math alphabet `\mathtt' in version `normal'
(Font)                  OT1/lmtt/m/n --> TU/lmtt/m/n on input line 124.
LaTeX Font Info:    Overwriting math alphabet `\mathtt' in version `bold'
(Font)                  OT1/lmtt/m/n --> TU/lmtt/bx/n on input line 124.

Package fontspec Info: latinmodern-math scale = 0.9999964596882403.


Package fontspec Info: latinmodern-math scale = 0.9999964596882403.


Package fontspec Info: latinmodern-math scale = 0.9999964596882403.


Package fontspec Info: Font family 'latinmodern-math.otf(0)' created for font
(fontspec)             'latinmodern-math.otf' with options
(fontspec)             [Scale=MatchLowercase,BoldItalicFont={},ItalicFont={},Sm
allCapsFont={},Script=Math,BoldFont={latinmodern-math.otf}].
(fontspec)              
(fontspec)              This font family consists of the following NFSS
(fontspec)             series/shapes:
(fontspec)              
(fontspec)             - 'normal' (m/n) with NFSS spec.:
(fontspec)             <->s*[0.9999964596882403]"[latinmodern-math.otf]/OT:scri
pt=math;language=dflt;"
(fontspec)             - 'small caps'  (m/sc) with NFSS spec.: 
(fontspec)             - 'bold' (b/n) with NFSS spec.:
(fontspec)             <->s*[0.9999964596882403]"[latinmodern-math.otf]/OT:scri
pt=math;language=dflt;"
(fontspec)             - 'bold small caps'  (b/sc) with NFSS spec.: 

LaTeX Font Info:    Font shape `TU/latinmodern-math.otf(0)/m/n' will be
(Font)              scaled to size 10.0pt on input line 124.

Package fontspec Info: latinmodern-math scale = 0.9999964596882403.


Package fontspec Info: latinmodern-math scale = 0.9999964596882403.


Package fontspec Info: latinmodern-math scale = 0.9999964596882403.


Package fontspec Info: latinmodern-math scale = 0.9999964596882403.


Package fontspec Info: latinmodern-math scale = 0.9999964596882403.


Package fontspec Info: Font family 'latinmodern-math.otf(1)' created for font
(fontspec)             'latinmodern-math.otf' with options
(fontspec)             [Scale=MatchLowercase,BoldItalicFont={},ItalicFont={},Sm
allCapsFont={},Script=Math,SizeFeatures={{Size=8.5-},{Size=6-8.5,Font=latinmode
rn-math.otf,Style=MathScript},{Size=-6,Font=latinmodern-math.otf,Style=MathScri
ptScript}},BoldFont={latinmodern-math.otf}].
(fontspec)              
(fontspec)              This font family consists of the following NFSS
(fontspec)             series/shapes:
(fontspec)              
(fontspec)             - 'normal' (m/n) with NFSS spec.:
(fontspec)             <8.5->s*[0.9999964596882403]"[latinmodern-math.otf]/OT:s
cript=math;language=dflt;"<6-8.5>s*[0.9999964596882403]"[latinmodern-math.otf]/
OT:script=math;language=dflt;+ssty=0;"<-6>s*[0.9999964596882403]"[latinmodern-m
ath.otf]/OT:script=math;language=dflt;+ssty=1;"
(fontspec)             - 'small caps'  (m/sc) with NFSS spec.: 
(fontspec)             - 'bold' (b/n) with NFSS spec.:
(fontspec)             <->s*[0.9999964596882403]"[latinmodern-math.otf]/OT:scri
pt=math;language=dflt;"
(fontspec)             - 'bold small caps'  (b/sc) with NFSS spec.: 

LaTeX Font Info:    Font shape `TU/latinmodern-math.otf(1)/m/n' will be
(Font)              scaled to size 10.0pt on input line 124.
LaTeX Font Info:    Encoding `OT1' has changed to `TU' for symbol font
(Font)              `operators' in the math version `normal' on input line 124.

LaTeX Font Info:    Overwriting symbol font `operators' in version `normal'
(Font)                  OT1/lmr/m/n --> TU/latinmodern-math.otf(1)/m/n on input
 line 124.
LaTeX Font Info:    Encoding `OT1' has changed to `TU' for symbol font
(Font)              `operators' in the math version `bold' on input line 124.
LaTeX Font Info:    Overwriting symbol font `operators' in version `bold'
(Font)                  OT1/lmr/bx/n --> TU/latinmodern-math.otf(1)/b/n on inpu
t line 124.

Package fontspec Info: latinmodern-math scale = 0.9999964596882403.


Package fontspec Info: latinmodern-math scale = 1.000096459334209.


Package fontspec Info: latinmodern-math scale = 0.9999964596882403.


Package fontspec Info: latinmodern-math scale = 1.000096459334209.


Package fontspec Info: latinmodern-math scale = 0.9999964596882403.


Package fontspec Info: latinmodern-math scale = 1.000096459334209.


Package fontspec Info: latinmodern-math scale = 0.9999964596882403.


Package fontspec Info: latinmodern-math scale = 1.000096459334209.


Package fontspec Info: latinmodern-math scale = 0.9999964596882403.


Package fontspec Info: latinmodern-math scale = 1.000096459334209.


Package fontspec Info: Font family 'latinmodern-math.otf(2)' created for font
(fontspec)             'latinmodern-math.otf' with options
(fontspec)             [Scale=MatchLowercase,BoldItalicFont={},ItalicFont={},Sm
allCapsFont={},Script=Math,SizeFeatures={{Size=8.5-},{Size=6-8.5,Font=latinmode
rn-math.otf,Style=MathScript},{Size=-6,Font=latinmodern-math.otf,Style=MathScri
ptScript}},BoldFont={latinmodern-math.otf},ScaleAgain=1.0001,FontAdjustment={\f
ontdimen
(fontspec)             8\font =6.77pt\relax \fontdimen 9\font =3.94pt\relax
(fontspec)             \fontdimen 10\font =4.44pt\relax \fontdimen 11\font
(fontspec)             =6.86pt\relax \fontdimen 12\font =3.45pt\relax
(fontspec)             \fontdimen 13\font =3.63pt\relax \fontdimen 14\font
(fontspec)             =3.63pt\relax \fontdimen 15\font =2.89pt\relax
(fontspec)             \fontdimen 16\font =2.47pt\relax \fontdimen 17\font
(fontspec)             =2.47pt\relax \fontdimen 18\font =2.5pt\relax
(fontspec)             \fontdimen 19\font =2.0pt\relax \fontdimen 22\font
(fontspec)             =2.5pt\relax \fontdimen 20\font =0pt\relax \fontdimen
(fontspec)             21\font =0pt\relax }].
(fontspec)              
(fontspec)              This font family consists of the following NFSS
(fontspec)             series/shapes:
(fontspec)              
(fontspec)             - 'normal' (m/n) with NFSS spec.:
(fontspec)             <8.5->s*[1.000096459334209]"[latinmodern-math.otf]/OT:sc
ript=math;language=dflt;"<6-8.5>s*[1.000096459334209]"[latinmodern-math.otf]/OT
:script=math;language=dflt;+ssty=0;"<-6>s*[1.000096459334209]"[latinmodern-math
.otf]/OT:script=math;language=dflt;+ssty=1;"
(fontspec)             - 'small caps'  (m/sc) with NFSS spec.: 
(fontspec)             and font adjustment code:
(fontspec)             \fontdimen 8\font =6.77pt\relax \fontdimen 9\font
(fontspec)             =3.94pt\relax \fontdimen 10\font =4.44pt\relax
(fontspec)             \fontdimen 11\font =6.86pt\relax \fontdimen 12\font
(fontspec)             =3.45pt\relax \fontdimen 13\font =3.63pt\relax
(fontspec)             \fontdimen 14\font =3.63pt\relax \fontdimen 15\font
(fontspec)             =2.89pt\relax \fontdimen 16\font =2.47pt\relax
(fontspec)             \fontdimen 17\font =2.47pt\relax \fontdimen 18\font
(fontspec)             =2.5pt\relax \fontdimen 19\font =2.0pt\relax \fontdimen
(fontspec)             22\font =2.5pt\relax \fontdimen 20\font =0pt\relax
(fontspec)             \fontdimen 21\font =0pt\relax 
(fontspec)             - 'bold' (b/n) with NFSS spec.:
(fontspec)             <->s*[1.000096459334209]"[latinmodern-math.otf]/OT:scrip
t=math;language=dflt;"
(fontspec)             - 'bold small caps'  (b/sc) with NFSS spec.: 
(fontspec)             and font adjustment code:
(fontspec)             \fontdimen 8\font =6.77pt\relax \fontdimen 9\font
(fontspec)             =3.94pt\relax \fontdimen 10\font =4.44pt\relax
(fontspec)             \fontdimen 11\font =6.86pt\relax \fontdimen 12\font
(fontspec)             =3.45pt\relax \fontdimen 13\font =3.63pt\relax
(fontspec)             \fontdimen 14\font =3.63pt\relax \fontdimen 15\font
(fontspec)             =2.89pt\relax \fontdimen 16\font =2.47pt\relax
(fontspec)             \fontdimen 17\font =2.47pt\relax \fontdimen 18\font
(fontspec)             =2.5pt\relax \fontdimen 19\font =2.0pt\relax \fontdimen
(fontspec)             22\font =2.5pt\relax \fontdimen 20\font =0pt\relax
(fontspec)             \fontdimen 21\font =0pt\relax 

LaTeX Font Info:    Encoding `OMS' has changed to `TU' for symbol font
(Font)              `symbols' in the math version `normal' on input line 124.
LaTeX Font Info:    Overwriting symbol font `symbols' in version `normal'
(Font)                  OMS/lmsy/m/n --> TU/latinmodern-math.otf(2)/m/n on inpu
t line 124.
LaTeX Font Info:    Encoding `OMS' has changed to `TU' for symbol font
(Font)              `symbols' in the math version `bold' on input line 124.
LaTeX Font Info:    Overwriting symbol font `symbols' in version `bold'
(Font)                  OMS/lmsy/b/n --> TU/latinmodern-math.otf(2)/b/n on inpu
t line 124.

Package fontspec Info: latinmodern-math scale = 0.9999964596882403.


Package fontspec Info: latinmodern-math scale = 0.9998964600422715.


Package fontspec Info: latinmodern-math scale = 0.9999964596882403.


Package fontspec Info: latinmodern-math scale = 0.9998964600422715.


Package fontspec Info: latinmodern-math scale = 0.9999964596882403.


Package fontspec Info: latinmodern-math scale = 0.9998964600422715.


Package fontspec Info: latinmodern-math scale = 0.9999964596882403.


Package fontspec Info: latinmodern-math scale = 0.9998964600422715.


Package fontspec Info: latinmodern-math scale = 0.9999964596882403.


Package fontspec Info: latinmodern-math scale = 0.9998964600422715.


Package fontspec Info: Font family 'latinmodern-math.otf(3)' created for font
(fontspec)             'latinmodern-math.otf' with options
(fontspec)             [Scale=MatchLowercase,BoldItalicFont={},ItalicFont={},Sm
allCapsFont={},Script=Math,SizeFeatures={{Size=8.5-},{Size=6-8.5,Font=latinmode
rn-math.otf,Style=MathScript},{Size=-6,Font=latinmodern-math.otf,Style=MathScri
ptScript}},BoldFont={latinmodern-math.otf},ScaleAgain=0.9999,FontAdjustment={\f
ontdimen
(fontspec)             8\font =0.4pt\relax \fontdimen 9\font =2.0pt\relax
(fontspec)             \fontdimen 10\font =1.67pt\relax \fontdimen 11\font
(fontspec)             =1.11pt\relax \fontdimen 12\font =6.0pt\relax
(fontspec)             \fontdimen 13\font =0pt\relax }].
(fontspec)              
(fontspec)              This font family consists of the following NFSS
(fontspec)             series/shapes:
(fontspec)              
(fontspec)             - 'normal' (m/n) with NFSS spec.:
(fontspec)             <8.5->s*[0.9998964600422715]"[latinmodern-math.otf]/OT:s
cript=math;language=dflt;"<6-8.5>s*[0.9998964600422715]"[latinmodern-math.otf]/
OT:script=math;language=dflt;+ssty=0;"<-6>s*[0.9998964600422715]"[latinmodern-m
ath.otf]/OT:script=math;language=dflt;+ssty=1;"
(fontspec)             - 'small caps'  (m/sc) with NFSS spec.: 
(fontspec)             and font adjustment code:
(fontspec)             \fontdimen 8\font =0.4pt\relax \fontdimen 9\font
(fontspec)             =2.0pt\relax \fontdimen 10\font =1.67pt\relax
(fontspec)             \fontdimen 11\font =1.11pt\relax \fontdimen 12\font
(fontspec)             =6.0pt\relax \fontdimen 13\font =0pt\relax 
(fontspec)             - 'bold' (b/n) with NFSS spec.:
(fontspec)             <->s*[0.9998964600422715]"[latinmodern-math.otf]/OT:scri
pt=math;language=dflt;"
(fontspec)             - 'bold small caps'  (b/sc) with NFSS spec.: 
(fontspec)             and font adjustment code:
(fontspec)             \fontdimen 8\font =0.4pt\relax \fontdimen 9\font
(fontspec)             =2.0pt\relax \fontdimen 10\font =1.67pt\relax
(fontspec)             \fontdimen 11\font =1.11pt\relax \fontdimen 12\font
(fontspec)             =6.0pt\relax \fontdimen 13\font =0pt\relax 

LaTeX Font Info:    Encoding `OMX' has changed to `TU' for symbol font
(Font)              `largesymbols' in the math version `normal' on input line 1
24.
LaTeX Font Info:    Overwriting symbol font `largesymbols' in version `normal'
(Font)                  OMX/lmex/m/n --> TU/latinmodern-math.otf(3)/m/n on inpu
t line 124.
LaTeX Font Info:    Encoding `OMX' has changed to `TU' for symbol font
(Font)              `largesymbols' in the math version `bold' on input line 124
.
LaTeX Font Info:    Overwriting symbol font `largesymbols' in version `bold'
(Font)                  OMX/lmex/m/n --> TU/latinmodern-math.otf(3)/b/n on inpu
t line 124.
LaTeX Info: Redefining \microtypecontext on input line 124.
Package microtype Info: Applying patch `item' on input line 124.
Package microtype Info: Applying patch `toc' on input line 124.
Package microtype Info: Applying patch `eqnum' on input line 124.
Package microtype Info: Applying patch `footnote' on input line 124.
Package microtype Info: Applying patch `verbatim' on input line 124.
Package microtype Info: Character protrusion enabled (level 2).
Package microtype Info: Using protrusion set `basicmath'.
Package microtype Info: No adjustment of tracking.
Package microtype Info: No adjustment of spacing.
Package microtype Info: No adjustment of kerning.

(/usr/local/texlive/2024/texmf-dist/tex/latex/microtype/mt-LatinModernRoman.cfg
File: mt-LatinModernRoman.cfg 2021/02/21 v1.1 microtype config. file: Latin Mod
ern Roman (RS)
)
Package hyperref Info: Link coloring OFF on input line 124.
LaTeX Font Info:    Font shape `TU/latinmodern-math.otf(1)/m/n' will be
(Font)              scaled to size 12.0pt on input line 126.
LaTeX Font Info:    Font shape `TU/latinmodern-math.otf(1)/m/n' will be
(Font)              scaled to size 8.0pt on input line 126.
LaTeX Font Info:    Font shape `TU/latinmodern-math.otf(1)/m/n' will be
(Font)              scaled to size 6.0pt on input line 126.
LaTeX Font Info:    Trying to load font information for OML+lmm on input line 1
26.
(/usr/local/texlive/2024/texmf-dist/tex/latex/lm/omllmm.fd
File: omllmm.fd 2015/05/01 v1.6.1 Font defs for Latin Modern
)
LaTeX Font Info:    Font shape `TU/latinmodern-math.otf(2)/m/n' will be
(Font)              scaled to size 12.0011pt on input line 126.
LaTeX Font Info:    Font shape `TU/latinmodern-math.otf(2)/m/n' will be
(Font)              scaled to size 8.00073pt on input line 126.
LaTeX Font Info:    Font shape `TU/latinmodern-math.otf(2)/m/n' will be
(Font)              scaled to size 6.00055pt on input line 126.
LaTeX Font Info:    Font shape `TU/latinmodern-math.otf(3)/m/n' will be
(Font)              scaled to size 11.99872pt on input line 126.
LaTeX Font Info:    Font shape `TU/latinmodern-math.otf(3)/m/n' will be
(Font)              scaled to size 7.99915pt on input line 126.
LaTeX Font Info:    Font shape `TU/latinmodern-math.otf(3)/m/n' will be
(Font)              scaled to size 5.99936pt on input line 126.
LaTeX Font Info:    Trying to load font information for U+msa on input line 126
.
(/usr/local/texlive/2024/texmf-dist/tex/latex/amsfonts/umsa.fd
File: umsa.fd 2013/01/14 v3.01 AMS symbols A
) (/usr/local/texlive/2024/texmf-dist/tex/latex/microtype/mt-msa.cfg
File: mt-msa.cfg 2006/02/04 v1.1 microtype config. file: AMS symbols (a) (RS)
)
LaTeX Font Info:    Trying to load font information for U+msb on input line 126
.
(/usr/local/texlive/2024/texmf-dist/tex/latex/amsfonts/umsb.fd
File: umsb.fd 2013/01/14 v3.01 AMS symbols B
) (/usr/local/texlive/2024/texmf-dist/tex/latex/microtype/mt-msb.cfg
File: mt-msb.cfg 2005/06/01 v1.0 microtype config. file: AMS symbols (b) (RS)
) [1


] [2

] (./intro-to-r.toc
LaTeX Font Info:    Font shape `TU/latinmodern-math.otf(1)/m/n' will be
(Font)              scaled to size 7.0pt on input line 2.
LaTeX Font Info:    Font shape `TU/latinmodern-math.otf(1)/m/n' will be
(Font)              scaled to size 5.0pt on input line 2.
LaTeX Font Info:    Font shape `TU/latinmodern-math.otf(2)/m/n' will be
(Font)              scaled to size 10.00092pt on input line 2.
LaTeX Font Info:    Font shape `TU/latinmodern-math.otf(2)/m/n' will be
(Font)              scaled to size 7.00064pt on input line 2.
LaTeX Font Info:    Font shape `TU/latinmodern-math.otf(2)/m/n' will be
(Font)              scaled to size 5.00046pt on input line 2.
LaTeX Font Info:    Font shape `TU/latinmodern-math.otf(3)/m/n' will be
(Font)              scaled to size 9.99893pt on input line 2.
LaTeX Font Info:    Font shape `TU/latinmodern-math.otf(3)/m/n' will be
(Font)              scaled to size 6.99925pt on input line 2.
LaTeX Font Info:    Font shape `TU/latinmodern-math.otf(3)/m/n' will be
(Font)              scaled to size 4.99947pt on input line 2.
[3] [4])
\tf@toc=\write4
\openout4 = `intro-to-r.toc'.

[5] [6

]
Chapter 1.

LaTeX Warning: Hyper reference `plotting' on page 7 undefined on input line 173
.


LaTeX Warning: Hyper reference `stats' on page 7 undefined on input line 179.

[7] [8]
Chapter 2.
File: ./docs/files/DirectoryStructure.png Graphic file (type bmp)
<./docs/files/DirectoryStructure.png>

Underfull \vbox (badness 10000) has occurred while \output is active []

[9

]
LaTeX Font Info:    Font shape `TU/lmtt/bx/n' in size <10> not available
(Font)              Font shape `TU/lmtt/b/n' tried instead on input line 211.
File: ./docs/files/RStudio.png Graphic file (type bmp)
<./docs/files/RStudio.png>
[10]
File: ./docs/files/RProject.png Graphic file (type bmp)
<./docs/files/RProject.png>

Underfull \vbox (badness 2932) has occurred while \output is active []

[11] [12]
Chapter 3.
[13

]
Overfull \hbox (95.01501pt too wide) in paragraph at lines 358--361
[]\TU/lmr/m/n/10 Windows example: \TU/lmtt/m/n/10 C:/Users/Documents/Teaching/I
ntroR/data/Intro-to-R-Workshop.csv 
 []


Overfull \hbox (116.475pt too wide) in paragraph at lines 361--363
[]\TU/lmr/m/n/10 Macbook example: \TU/lmtt/m/n/10 /Users/lizsiemion/Documents/T
eaching/IntroR/Intro-to-R-Workshop.csv 
 []

File: ./docs/files/RProjectFilePath.png Graphic file (type bmp)
<./docs/files/RProjectFilePath.png>

Overfull \vbox (0.96922pt too high) detected at line 391
 []

[14]
Underfull \hbox (badness 10000) in paragraph at lines 405--406
[]\TU/lmtt/m/n/10 ../../ tells R to go to the parent folder of the parent folde
r of
 []

File: ./docs/files/folder_hierarchy.png Graphic file (type bmp)
<./docs/files/folder_hierarchy.png>
[15]
File: ./docs/files/TabShortcut.png Graphic file (type bmp)
<./docs/files/TabShortcut.png>

Underfull \hbox (badness 1540) in paragraph at lines 458--460
[]\TU/lmr/m/n/10 Use a relative file path to load the bighorn capture table usi
ng
 []

[16]
Chapter 4.
[17

] [18

]
Chapter 5.
[19] [20]
Underfull \vbox (badness 5345) has occurred while \output is active []

[21] [22]
Underfull \vbox (badness 1616) has occurred while \output is active []

[23] [24] [25] [26]
Overfull \hbox (22.08093pt too wide) in paragraph at lines 1066--1067
[]\TU/lmr/m/n/10 Dimensions  
 []


Overfull \hbox (2.06093pt too wide) in paragraph at lines 1074--1074
\TU/lmr/m/n/10 (length 
 []


Overfull \hbox (2.10693pt too wide) in paragraph at lines 1075--1075
[]|\TU/lmr/m/n/10 Vector|  
 []


Overfull \hbox (2.06093pt too wide) in paragraph at lines 1075--1075
\TU/lmr/m/n/10 (length 
 []


Overfull \hbox (1.13693pt too wide) in paragraph at lines 1076--1076
\TU/lmr/m/n/10 Frame|  
 []


Overfull \hbox (2.08693pt too wide) in paragraph at lines 1077--1077
[]|\TU/lmr/m/n/10 Tibble|  
 []


Overfull \hbox (3.78694pt too wide) in paragraph at lines 1078--1078
[]|\TU/lmr/m/n/10 Matrix|  
 []


Overfull \hbox (3.72093pt too wide) in paragraph at lines 1079--1079
\TU/lmr/m/n/10 (named 
 []

[27] [28]
Overfull \hbox (6.75pt too wide) in paragraph at lines 1174--1174
[]\TU/lmtt/m/n/10 ##  [1] FALSE  TRUE  TRUE  TRUE  TRUE  TRUE  TRUE  TRUE  TRUE
  TRUE[] 
 []


Overfull \vbox (1.60988pt too high) detected at line 1202
 []

[29]
Overfull \hbox (85.5pt too wide) in paragraph at lines 1212--1212
[]\TU/lmtt/m/n/10 ##  [1]  1.0  1.1  1.2  1.3  1.4  1.5  1.6  1.7  1.8  1.9  2.
0  2.1  2.2  2.3  2.4[] 
 []


Overfull \hbox (85.5pt too wide) in paragraph at lines 1212--1212
[]\TU/lmtt/m/n/10 ## [16]  2.5  2.6  2.7  2.8  2.9  3.0  3.1  3.2  3.3  3.4  3.
5  3.6  3.7  3.8  3.9[] 
 []


Overfull \hbox (85.5pt too wide) in paragraph at lines 1212--1212
[]\TU/lmtt/m/n/10 ## [31]  4.0  4.1  4.2  4.3  4.4  4.5  4.6  4.7  4.8  4.9  5.
0  5.1  5.2  5.3  5.4[] 
 []


Overfull \hbox (85.5pt too wide) in paragraph at lines 1212--1212
[]\TU/lmtt/m/n/10 ## [46]  5.5  5.6  5.7  5.8  5.9  6.0  6.1  6.2  6.3  6.4  6.
5  6.6  6.7  6.8  6.9[] 
 []


Overfull \hbox (85.5pt too wide) in paragraph at lines 1212--1212
[]\TU/lmtt/m/n/10 ## [61]  7.0  7.1  7.2  7.3  7.4  7.5  7.6  7.7  7.8  7.9  8.
0  8.1  8.2  8.3  8.4[] 
 []


Overfull \hbox (85.5pt too wide) in paragraph at lines 1212--1212
[]\TU/lmtt/m/n/10 ## [76]  8.5  8.6  8.7  8.8  8.9  9.0  9.1  9.2  9.3  9.4  9.
5  9.6  9.7  9.8  9.9[] 
 []


Overfull \hbox (1.08pt too wide) in paragraph at lines 1230--1231
\TU/lmtt/m/n/10 "lion", "deer", "deer"), levels = c("sheep", "lion", "deer"))\T
U/lmr/m/n/10 .
 []

[30] [31] [32] [33]
Overfull \hbox (10.44493pt too wide) in paragraph at lines 1501--1502
[]|\TU/lmtt/m/n/10 my_vector[c(TRUE, 
 []

[34] [35] [36]
Underfull \hbox (badness 1226) in paragraph at lines 1714--1716
[]\TU/lmr/m/n/10 Create the following object. new_deer <- c(“RVD1”, “CDB222”,
 []

[37]
Overfull \hbox (5.1575pt too wide) in paragraph at lines 1740--1741
[]\TU/lmr/bx/n/10 Data 
 []


Overfull \hbox (11.61751pt too wide) in paragraph at lines 1740--1741
\TU/lmr/bx/n/10 Struc- 
 []


Overfull \hbox (1.5575pt too wide) in paragraph at lines 1740--1741
\TU/lmr/bx/n/10 ture  
 []


Overfull \hbox (13.7575pt too wide) in paragraph at lines 1752--1752
[]|\TU/lmr/bx/n/10 Vector|  
 []


Overfull \hbox (5.1575pt too wide) in paragraph at lines 1753--1753
[]|\TU/lmr/bx/n/10 Data 
 []


Overfull \hbox (12.1475pt too wide) in paragraph at lines 1753--1753
\TU/lmr/bx/n/10 Frame|  
 []


Overfull \hbox (15.6675pt too wide) in paragraph at lines 1754--1754
[]|\TU/lmr/bx/n/10 Matrix|  
 []


Overfull \hbox (4.3475pt too wide) in paragraph at lines 1756--1756
\TU/lmr/bx/n/10 Lists|  
 []


Overfull \hbox (7.57713pt too wide) in paragraph at lines 1756--1756
[]|\TU/lmtt/m/n/10 my_list_of_lists[2] 
 []


Overfull \hbox (5.77579pt too wide) in paragraph at lines 1756--1756
[]|\TU/lmtt/m/n/10 my_list_of_lists[[2]] 
 []


Overfull \hbox (15.6275pt too wide) in paragraph at lines 1757--1757
[]|\TU/lmr/bx/n/10 Nested 
 []

[38] [39]
File: intro-to-r_files/figure-latex/unnamed-chunk-34-1.pdf Graphic file (type p
df)
<use intro-to-r_files/figure-latex/unnamed-chunk-34-1.pdf>

Underfull \vbox (badness 1038) detected at line 1853
 []

[40]
File: intro-to-r_files/figure-latex/unnamed-chunk-35-1.pdf Graphic file (type p
df)
<use intro-to-r_files/figure-latex/unnamed-chunk-35-1.pdf>
[41] [42

]
Chapter 6.

Overfull \hbox (201.0pt too wide) in paragraph at lines 1926--1926
[]\TU/lmtt/m/n/10 ## i Use the conflicted package (<http://conflicted.r-lib.org
/>) to force all conflicts to become errors[] 
 []

[43] [44] [45] [46] [47] [48] [49] [50]
File: intro-to-r_files/figure-latex/unnamed-chunk-55-1.pdf Graphic file (type p
df)
<use intro-to-r_files/figure-latex/unnamed-chunk-55-1.pdf>
[51]
File: intro-to-r_files/figure-latex/unnamed-chunk-56-1.pdf Graphic file (type p
df)
<use intro-to-r_files/figure-latex/unnamed-chunk-56-1.pdf>

Underfull \hbox (badness 10000) in paragraph at lines 2535--2538
[][]
 []


Underfull \vbox (badness 10000) has occurred while \output is active []

[52]
File: intro-to-r_files/figure-latex/unnamed-chunk-57-1.pdf Graphic file (type p
df)
<use intro-to-r_files/figure-latex/unnamed-chunk-57-1.pdf>

Underfull \vbox (badness 10000) has occurred while \output is active []

[53] [54]
File: intro-to-r_files/figure-latex/unnamed-chunk-58-1.pdf Graphic file (type p
df)
<use intro-to-r_files/figure-latex/unnamed-chunk-58-1.pdf>
File: intro-to-r_files/figure-latex/unnamed-chunk-59-1.pdf Graphic file (type p
df)
<use intro-to-r_files/figure-latex/unnamed-chunk-59-1.pdf>

Underfull \vbox (badness 10000) has occurred while \output is active []

[55]
Overfull \hbox (3.75pt too wide) in paragraph at lines 2668--2668
[]|\TU/lmtt/m/n/10 geom_histogram()|  
 []

[56]
Overfull \hbox (12.0pt too wide) in paragraph at lines 2743--2743
[]\TU/lmtt/m/n/10 ## Warning: package []palmerpenguins[] was built under R vers
ion 4.4.1[] 
 []


Overfull \hbox (90.75pt too wide) in paragraph at lines 2769--2769
[]\TU/lmtt/m/n/10 ##   studyName []Sample Number[] Species          Region Isla
nd Stage []Individual ID[][] 
 []


Overfull \hbox (38.25pt too wide) in paragraph at lines 2769--2769
[]\TU/lmtt/m/n/10 ##   <chr>               <dbl> <chr>            <chr>  <chr> 
 <chr> <chr>[] 
 []


Overfull \hbox (33.0pt too wide) in paragraph at lines 2769--2769
[]\TU/lmtt/m/n/10 ## 1 PAL0708                 1 Adelie Penguin ~ Anvers Torge~
 Adul~ N1A1[] 
 []


Overfull \hbox (33.0pt too wide) in paragraph at lines 2769--2769
[]\TU/lmtt/m/n/10 ## 2 PAL0708                 2 Adelie Penguin ~ Anvers Torge~
 Adul~ N1A2[] 
 []


Overfull \hbox (33.0pt too wide) in paragraph at lines 2769--2769
[]\TU/lmtt/m/n/10 ## 3 PAL0708                 3 Adelie Penguin ~ Anvers Torge~
 Adul~ N2A1[] 
 []


Overfull \hbox (33.0pt too wide) in paragraph at lines 2769--2769
[]\TU/lmtt/m/n/10 ## 4 PAL0708                 4 Adelie Penguin ~ Anvers Torge~
 Adul~ N2A2[] 
 []

[57]
Overfull \hbox (33.0pt too wide) in paragraph at lines 2769--2769
[]\TU/lmtt/m/n/10 ## 5 PAL0708                 5 Adelie Penguin ~ Anvers Torge~
 Adul~ N3A1[] 
 []


Overfull \hbox (33.0pt too wide) in paragraph at lines 2769--2769
[]\TU/lmtt/m/n/10 ## 6 PAL0708                 6 Adelie Penguin ~ Anvers Torge~
 Adul~ N3A2[] 
 []


Overfull \hbox (27.75pt too wide) in paragraph at lines 2769--2769
[]\TU/lmtt/m/n/10 ## # i 10 more variables: []Clutch Completion[] <chr>, []Date
 Egg[] <date>,[] 
 []


Overfull \hbox (17.25pt too wide) in paragraph at lines 2769--2769
[]\TU/lmtt/m/n/10 ## #   []Flipper Length (mm)[] <dbl>, []Body Mass (g)[] <dbl>
, Sex <chr>,[] 
 []


Overfull \hbox (48.75pt too wide) in paragraph at lines 2769--2769
[]\TU/lmtt/m/n/10 ## #   []Delta 15 N (o/oo)[] <dbl>, []Delta 13 C (o/oo)[] <db
l>, Comments <chr>[] 
 []


Overfull \hbox (85.5pt too wide) in paragraph at lines 2818--2818
[]\TU/lmtt/m/n/10 ##  $ studyName          : chr [1:344] "PAL0708" "PAL0708" "P
AL0708" "PAL0708" ...[] 
 []


Overfull \hbox (673.5pt too wide) in paragraph at lines 2818--2818
[]\TU/lmtt/m/n/10 ##  $ Species            : chr [1:344] "Adelie Penguin (Pygos
celis adeliae)" "Adelie Penguin (Pygoscelis adeliae)" "Adelie Penguin (Pygoscel
is adeliae)" "Adelie Penguin (Pygoscelis adeliae)" ...[] 
 []


Overfull \hbox (64.5pt too wide) in paragraph at lines 2818--2818
[]\TU/lmtt/m/n/10 ##  $ Region             : chr [1:344] "Anvers" "Anvers" "Anv
ers" "Anvers" ...[] 
 []


Overfull \hbox (127.5pt too wide) in paragraph at lines 2818--2818
[]\TU/lmtt/m/n/10 ##  $ Island             : chr [1:344] "Torgersen" "Torgersen
" "Torgersen" "Torgersen" ...[] 
 []


Overfull \hbox (316.5pt too wide) in paragraph at lines 2818--2818
[]\TU/lmtt/m/n/10 ##  $ Stage              : chr [1:344] "Adult, 1 Egg Stage" "
Adult, 1 Egg Stage" "Adult, 1 Egg Stage" "Adult, 1 Egg Stage" ...[] 
 []


Overfull \hbox (22.5pt too wide) in paragraph at lines 2818--2818
[]\TU/lmtt/m/n/10 ##  $ Individual ID      : chr [1:344] "N1A1" "N1A2" "N2A1" "
N2A2" ...[] 
 []


Overfull \hbox (1.5pt too wide) in paragraph at lines 2818--2818
[]\TU/lmtt/m/n/10 ##  $ Clutch Completion  : chr [1:344] "Yes" "Yes" "Yes" "Yes
" ...[] 
 []


Overfull \hbox (59.25pt too wide) in paragraph at lines 2818--2818
[]\TU/lmtt/m/n/10 ##  $ Date Egg           : Date[1:344], format: "2007-11-11" 
"2007-11-11" ...[] 
 []


Overfull \hbox (117.0pt too wide) in paragraph at lines 2818--2818
[]\TU/lmtt/m/n/10 ##  $ Culmen Length (mm) : num [1:344] 39.1 39.5 40.3 NA 36.7
 39.3 38.9 39.2 34.1 42 ...[] 
 []


Overfull \hbox (117.0pt too wide) in paragraph at lines 2818--2818
[]\TU/lmtt/m/n/10 ##  $ Culmen Depth (mm)  : num [1:344] 18.7 17.4 18 NA 19.3 2
0.6 17.8 19.6 18.1 20.2 ...[] 
 []


Overfull \hbox (80.25pt too wide) in paragraph at lines 2818--2818
[]\TU/lmtt/m/n/10 ##  $ Flipper Length (mm): num [1:344] 181 186 195 NA 193 190
 181 195 193 190 ...[] 
 []


Overfull \hbox (22.5pt too wide) in paragraph at lines 2818--2818
[]\TU/lmtt/m/n/10 ##  $ Sex                : chr [1:344] "MALE" "FEMALE" "FEMAL
E" NA ...[] 
 []


Overfull \hbox (1.5pt too wide) in paragraph at lines 2818--2818
[]\TU/lmtt/m/n/10 ##  $ Delta 13 C (o/oo)  : num [1:344] NA -24.7 -25.3 NA -25.
3 ...[] 
 []


Overfull \hbox (190.5pt too wide) in paragraph at lines 2818--2818
[]\TU/lmtt/m/n/10 ##  $ Comments           : chr [1:344] "Not enough blood for 
isotopes." NA NA "Adult not sampled." ...[] 
 []

[58]
Overfull \hbox (90.75pt too wide) in paragraph at lines 2859--2859
[]\TU/lmtt/m/n/10 ## "Stage", "Individual ID", "Clutch Completion", "Date Egg",
 "Culmen Length (mm)",[] 
 []


Overfull \vbox (0.20282pt too high) detected at line 2897
 []

[59]
Overfull \hbox (90.75pt too wide) in paragraph at lines 2951--2951
[]\TU/lmtt/m/n/10 ##   species             island bill_len bill_dep flipper_len
 body_mass sex    year[] 
 []


Overfull \hbox (90.75pt too wide) in paragraph at lines 2951--2951
[]\TU/lmtt/m/n/10 ##   <chr>               <chr>     <dbl>    <dbl>       <dbl>
     <dbl> <chr> <dbl>[] 
 []


Overfull \hbox (90.75pt too wide) in paragraph at lines 2951--2951
[]\TU/lmtt/m/n/10 ## 1 Adelie Penguin (Py~ Torge~     39.1     18.7         181
      3750 MALE   2007[] 
 []


Overfull \hbox (90.75pt too wide) in paragraph at lines 2951--2951
[]\TU/lmtt/m/n/10 ## 2 Adelie Penguin (Py~ Torge~     39.5     17.4         186
      3800 FEMA~  2007[] 
 []


Overfull \hbox (90.75pt too wide) in paragraph at lines 2951--2951
[]\TU/lmtt/m/n/10 ## 3 Adelie Penguin (Py~ Torge~     40.3     18           195
      3250 FEMA~  2007[] 
 []


Overfull \hbox (90.75pt too wide) in paragraph at lines 2951--2951
[]\TU/lmtt/m/n/10 ## 4 Adelie Penguin (Py~ Torge~     36.7     19.3         193
      3450 FEMA~  2007[] 
 []


Overfull \hbox (90.75pt too wide) in paragraph at lines 2951--2951
[]\TU/lmtt/m/n/10 ## 5 Adelie Penguin (Py~ Torge~     39.3     20.6         190
      3650 MALE   2007[] 
 []


Overfull \hbox (90.75pt too wide) in paragraph at lines 2951--2951
[]\TU/lmtt/m/n/10 ## 6 Adelie Penguin (Py~ Torge~     38.9     17.8         181
      3625 FEMA~  2007[] 
 []


Underfull \vbox (badness 4686) has occurred while \output is active []

[60] [61]
File: intro-to-r_files/figure-latex/unnamed-chunk-73-1.pdf Graphic file (type p
df)
<use intro-to-r_files/figure-latex/unnamed-chunk-73-1.pdf>
[62]
Chapter 7.
[63

] [64] [65]
Underfull \hbox (badness 10000) in paragraph at lines 3204--3205
[]\TU/lmtt/m/n/10 capt_mort <- left_join(x = bighorn_capt, y = bighorn_mort,
 []

[66]
Chapter 8.

Overfull \hbox (127.5pt too wide) in paragraph at lines 3284--3284
[]\TU/lmtt/m/n/10 ##  $ NecropDateDt              : chr  "31-Jan-25" "21-Jan-25
" "05-Jan-25" "08-Sep-24" ...[] 
 []


Overfull \hbox (348.0pt too wide) in paragraph at lines 3284--3284
[]\TU/lmtt/m/n/10 ##  $ NecropDate                : int  20250131 20250121 2025
0105 20240908 20240709 20240617 20240604 20240530 20240528 20240520 ...[] 
 []


Overfull \hbox (127.5pt too wide) in paragraph at lines 3284--3284
[]\TU/lmtt/m/n/10 ##  $ DeadDateDt                : chr  "22-Jan-25" "25-Jun-23
" "02-Dec-24" "26-Feb-17" ...[] 
 []


Overfull \hbox (348.0pt too wide) in paragraph at lines 3284--3284
[]\TU/lmtt/m/n/10 ##  $ DeadDate                  : int  20250122 20230625 2024
1202 20170226 20240311 20240308 20230925 20240127 20240101 20240430 ...[] 
 []


Overfull \hbox (33.0pt too wide) in paragraph at lines 3284--3284
[]\TU/lmtt/m/n/10 ##  $ Date1stHeardDt            : chr  "30-Jan-25" "" "02-Dec
-24" "" ...[] 
 []


Overfull \hbox (285.0pt too wide) in paragraph at lines 3284--3284
[]\TU/lmtt/m/n/10 ##  $ Date1stHeard              : int  20250130 NA 20241202 N
A 20240508 20240308 20230925 20240127 20240101 20240430 ...[] 
 []


Overfull \hbox (54.0pt too wide) in paragraph at lines 3284--3284
[]\TU/lmtt/m/n/10 ##  $ AgeCarcass                : int  9 583 33 NA 120 NA 254
 123 120 21 ...[] 
 []


Overfull \hbox (285.0pt too wide) in paragraph at lines 3284--3284
[]\TU/lmtt/m/n/10 ##  $ BestDead                  : int  NA NA 20241202 2017022
6 20240311 20240308 20230925 20240127 20240101 20240430 ...[] 
 []


Overfull \hbox (117.0pt too wide) in paragraph at lines 3284--3284
[]\TU/lmtt/m/n/10 ##  $ AnimalYear                : int  NA NA 2024 2016 2023 2
023 2023 2023 2023 2023 ...[] 
 []


Overfull \hbox (138.0pt too wide) in paragraph at lines 3284--3284
[]\TU/lmtt/m/n/10 ##  $ Recorder                  : chr  "C_Massing" "M_Christo
pher" "L_Greene" "L_Greene" ...[] 
 []


Overfull \hbox (169.5pt too wide) in paragraph at lines 3284--3284
[]\TU/lmtt/m/n/10 ##  $ Herd                      : chr  "Mt. Williamson" "Mt. 
Baxter" "Mt. Gibbs" "Mt. Langley" ...[] 
 []


Overfull \hbox (22.5pt too wide) in paragraph at lines 3284--3284
[]\TU/lmtt/m/n/10 ##  $ Animal_ID                 : chr  "M267" "M266" "M265" "
S217" ...[] 
 []


Overfull \hbox (38.25pt too wide) in paragraph at lines 3284--3284
[]\TU/lmtt/m/n/10 ##  $ Sex                       : chr  "Male" "Male" "Unknown
" "Male" ...[] 
 []

[67

]
Overfull \hbox (174.75pt too wide) in paragraph at lines 3284--3284
[]\TU/lmtt/m/n/10 ##  $ AgeEstMethod              : chr  "Horn Rings" "Horn Rin
gs" "Size of Remains" "Horn Rings" ...[] 
 []


Overfull \hbox (531.75pt too wide) in paragraph at lines 3284--3284
[]\TU/lmtt/m/n/10 ##  $ Location                  : chr  "On Shepherd Pass trai
l, 1 mi up from TH, ~6800ft elevation" "Sand Mtn" "Gibbs, S side" "Hitchcock Ri
dge, near rainbow camp" ...[] 
 []


Overfull \hbox (206.25pt too wide) in paragraph at lines 3284--3284
[]\TU/lmtt/m/n/10 ##  $ InvestReason              : chr  "Opportunistic" "Oppor
tunistic" "Lion Cluster" "opportunistic" ...[] 
 []


Overfull \hbox (243.0pt too wide) in paragraph at lines 3284--3284
[]\TU/lmtt/m/n/10 ##  $ UTM_E                     : int  384668 384854 306232 3
78981 299699 352085 399881 352786 349902 381814 ...[] 
 []


Overfull \hbox (295.5pt too wide) in paragraph at lines 3284--3284
[]\TU/lmtt/m/n/10 ##  $ UTM_N                     : int  4067085 4085215 419394
4 4046150 4216718 4142608 4012253 4149065 4144062 4079364 ...[] 
 []


Overfull \hbox (33.0pt too wide) in paragraph at lines 3284--3284
[]\TU/lmtt/m/n/10 ##  $ ElevDEM                   : int  NA NA NA NA NA NA NA N
A NA NA ...[] 
 []


Overfull \hbox (111.75pt too wide) in paragraph at lines 3284--3284
[]\TU/lmtt/m/n/10 ##  $ CarcassCon                : chr  "Consumed" "Consumed" 
"Consumed" "Scavenged" ...[] 
 []


Overfull \hbox (127.5pt too wide) in paragraph at lines 3284--3284
[]\TU/lmtt/m/n/10 ##  $ Cause_Mort                : chr  "Lion" "Unknown" "Lion
" "Unknown not Predation" ...[] 
 []


Overfull \hbox (48.75pt too wide) in paragraph at lines 3284--3284
[]\TU/lmtt/m/n/10 ##  $ CausMortAcc               : chr  "Certain" "" "Certain"
 "Certain" ...[] 
 []


Overfull \hbox (1634.25pt too wide) in paragraph at lines 3284--3284
[]\TU/lmtt/m/n/10 ##  $ ConditionNotes            : chr  "skeleton intact, ribs
 clipped, eaten, most meat eaten but not all, legs with hair still intact" "old
 carcass, bleached bones, still close together, complete skull attached to spin
e, couple loose ribs, jaw, pelvis" "rumen and lower leg, snow may have covered 
some remains" "bone fragments and skull. Not in avalanche path, not cached" ...
[] 
 []


Overfull \hbox (1387.5pt too wide) in paragraph at lines 3284--3284
[]\TU/lmtt/m/n/10 ##  $ Evidence                  : chr  "rumen intact, ribs cl
ipped, hair plucked." "could be lion, clipped ribs, broken pelvis, leg bones ch
ewed, all bones clost together, but it is all too old to be sure" "lion cluster
, broken long bones, rumen intact" "this ribs still attached to backbone, some 
gnawed off but not clipped." ...[] 
 []


Overfull \hbox (2222.25pt too wide) in paragraph at lines 3284--3284
[]\TU/lmtt/m/n/10 ##  $ Comments                  : chr  "Lion could have scave
nged dead sheep. Sheep on trail, not below cliff. Collected scat in possible la
trine, it w"| __truncated__ "estimated date of death based on condition of bone
s, very unknown but skeleton still there and mostly intact" "metarsus measured 
~21cm which could be very small adult or more likely lamb" "Originally censored
 but found opportunistically with collar and eartag. Bones starting to get crum
bly, may have"| __truncated__ ...[] 
 []


Overfull \hbox (1.5pt too wide) in paragraph at lines 3284--3284
[]\TU/lmtt/m/n/10 ##  $ LionClusterID             : chr  "" "" "267_20241202" "
" ...[] 
 []

[68]
Overfull \hbox (54.0pt too wide) in paragraph at lines 3421--3421
[]\TU/lmtt/m/n/10 ##   NecropDateDt NecropDate DeadDateDt DeadDate Date1stHeard
Dt Date1stHeard[] 
 []


Overfull \hbox (54.0pt too wide) in paragraph at lines 3421--3421
[]\TU/lmtt/m/n/10 ## 1    31-Jan-25   20250131  22-Jan-25 20250122      30-Jan-
25     20250130[] 
 []


Overfull \hbox (54.0pt too wide) in paragraph at lines 3421--3421
[]\TU/lmtt/m/n/10 ## 2    21-Jan-25   20250121  25-Jun-23 20230625             
             NA[] 
 []


Overfull \hbox (54.0pt too wide) in paragraph at lines 3421--3421
[]\TU/lmtt/m/n/10 ## 3    05-Jan-25   20250105  02-Dec-24 20241202      02-Dec-
24     20241202[] 
 []


Overfull \hbox (85.5pt too wide) in paragraph at lines 3421--3421
[]\TU/lmtt/m/n/10 ##   AgeCarcass BestDead AnimalYear      Recorder           H
erd Animal_ID     Sex[] 
 []


Overfull \hbox (85.5pt too wide) in paragraph at lines 3421--3421
[]\TU/lmtt/m/n/10 ## 1          9       NA         NA     C_Massing Mt. William
son      M267    Male[] 
 []


Overfull \hbox (85.5pt too wide) in paragraph at lines 3421--3421
[]\TU/lmtt/m/n/10 ## 2        583       NA         NA M_Christopher     Mt. Bax
ter      M266    Male[] 
 []


Overfull \hbox (85.5pt too wide) in paragraph at lines 3421--3421
[]\TU/lmtt/m/n/10 ## 3         33 20241202       2024      L_Greene      Mt. Gi
bbs      M265 Unknown[] 
 []


Overfull \hbox (17.25pt too wide) in paragraph at lines 3421--3421
[]\TU/lmtt/m/n/10 ##   Age    AgeEstMethod GPS_CollarSerialNo_Date_FK CollarSN 
VHF_freq[] 
 []

[69]
Overfull \hbox (59.25pt too wide) in paragraph at lines 3421--3421
[]\TU/lmtt/m/n/10 ##                                                     Locati
on  InvestReason[] 
 []


Overfull \hbox (59.25pt too wide) in paragraph at lines 3421--3421
[]\TU/lmtt/m/n/10 ## 1 On Shepherd Pass trail, 1 mi up from TH, ~6800ft elevati
on Opportunistic[] 
 []


Overfull \hbox (59.25pt too wide) in paragraph at lines 3421--3421
[]\TU/lmtt/m/n/10 ## 2                                                   Sand M
tn Opportunistic[] 
 []


Overfull \hbox (59.25pt too wide) in paragraph at lines 3421--3421
[]\TU/lmtt/m/n/10 ## 3                                              Gibbs, S si
de  Lion Cluster[] 
 []


Overfull \hbox (285.0pt too wide) in paragraph at lines 3421--3421
[]\TU/lmtt/m/n/10 ##                                                           
                                             ConditionNotes[] 
 []


Overfull \hbox (285.0pt too wide) in paragraph at lines 3421--3421
[]\TU/lmtt/m/n/10 ## 1                      skeleton intact, ribs clipped, eate
n, most meat eaten but not all, legs with hair still intact[] 
 []


Overfull \hbox (285.0pt too wide) in paragraph at lines 3421--3421
[]\TU/lmtt/m/n/10 ## 2 old carcass, bleached bones, still close together, compl
ete skull attached to spine, couple loose ribs, jaw, pelvis[] 
 []


Overfull \hbox (285.0pt too wide) in paragraph at lines 3421--3421
[]\TU/lmtt/m/n/10 ## 3                                                         
    rumen and lower leg, snow may have covered some remains[] 
 []


Overfull \hbox (311.25pt too wide) in paragraph at lines 3421--3421
[]\TU/lmtt/m/n/10 ##                                                           
                                                        Evidence[] 
 []


Overfull \hbox (311.25pt too wide) in paragraph at lines 3421--3421
[]\TU/lmtt/m/n/10 ## 1                                                         
                       rumen intact, ribs clipped, hair plucked.[] 
 []


Overfull \hbox (311.25pt too wide) in paragraph at lines 3421--3421
[]\TU/lmtt/m/n/10 ## 2 could be lion, clipped ribs, broken pelvis, leg bones ch
ewed, all bones clost together, but it is all too old to be sure[] 
 []


Overfull \hbox (311.25pt too wide) in paragraph at lines 3421--3421
[]\TU/lmtt/m/n/10 ## 3                                                         
                   lion cluster, broken long bones, rumen intact[] 
 []


Overfull \hbox (1272.0pt too wide) in paragraph at lines 3421--3421
[]\TU/lmtt/m/n/10 ##                                                           
                                                                               
                                                                               
                                                                               
  Comments[] 
 []


Overfull \hbox (1272.0pt too wide) in paragraph at lines 3421--3421
[]\TU/lmtt/m/n/10 ## 1 Lion could have scavenged dead sheep. Sheep on trail, no
t below cliff. Collected scat in possible latrine, it was liquid (had dried), h
ard to know if it was lion scat. Lion hairs found in bed near carcass. Snow fel
l 5 days before and did not find clear tracks around carcass other than human a
nd canine.[] 
 []


Overfull \hbox (1272.0pt too wide) in paragraph at lines 3421--3421
[]\TU/lmtt/m/n/10 ## 2                                                         
                                                                               
                                                            estimated date of d
eath based on condition of bones, very unknown but skeleton still there and mos
tly intact[] 
 []


Overfull \hbox (1272.0pt too wide) in paragraph at lines 3421--3421
[]\TU/lmtt/m/n/10 ## 3                                                         
                                                                               
                                                                               
              metarsus measured ~21cm which could be very small adult or more l
ikely lamb[] 
 []


Overfull \hbox (80.25pt too wide) in paragraph at lines 3421--3421
[]\TU/lmtt/m/n/10 ##   CauseMortRevised RevisionReason PhotoTaken Houndsmen Rum
enIntact TracksFound[] 
 []


Overfull \hbox (80.25pt too wide) in paragraph at lines 3421--3421
[]\TU/lmtt/m/n/10 ## 1                                          Y              
       Y           N[] 
 []


Overfull \hbox (80.25pt too wide) in paragraph at lines 3421--3421
[]\TU/lmtt/m/n/10 ## 2                                          Y              
       N           N[] 
 []


Overfull \hbox (17.25pt too wide) in paragraph at lines 3421--3421
[]\TU/lmtt/m/n/10 ## 3                                          Y              
       Y[] 
 []


Overfull \hbox (1.5pt too wide) in paragraph at lines 3421--3421
[]\TU/lmtt/m/n/10 ##   ScatFound DragMarks Latrine Femur Tooth Mandible Skull L
ionID[] 
 []


Overfull \hbox (1.5pt too wide) in paragraph at lines 3421--3421
[]\TU/lmtt/m/n/10 ## 3                                                         
  267[] 
 []

[70]
Overfull \hbox (48.75pt too wide) in paragraph at lines 3453--3453
[]\TU/lmtt/m/n/10 ##  chr [1:1061] "Lion" "Unknown" "Lion" "Unknown not Predati
on" "Lion" ...[] 
 []


Overfull \hbox (54.0pt too wide) in paragraph at lines 3501--3501
[]\TU/lmtt/m/n/10 ##   NecropDateDt NecropDate DeadDateDt DeadDate Date1stHeard
Dt Date1stHeard[] 
 []


Overfull \hbox (54.0pt too wide) in paragraph at lines 3501--3501
[]\TU/lmtt/m/n/10 ## 1    31-Jan-25   20250131  22-Jan-25 20250122      30-Jan-
25     20250130[] 
 []


Overfull \hbox (64.5pt too wide) in paragraph at lines 3511--3511
[]\TU/lmtt/m/n/10 ## [1] "30-Jan-25" ""          "02-Dec-24" ""          "08-Ma
y-24" "08-Mar-24"[] 
 []


Overfull \hbox (54.0pt too wide) in paragraph at lines 3527--3527
[]\TU/lmtt/m/n/10 ##   NecropDateDt NecropDate DeadDateDt DeadDate Date1stHeard
Dt Date1stHeard[] 
 []


Overfull \hbox (54.0pt too wide) in paragraph at lines 3527--3527
[]\TU/lmtt/m/n/10 ## 1    31-Jan-25   20250131  22-Jan-25 20250122      30-Jan-
25     20250130[] 
 []


Overfull \hbox (54.0pt too wide) in paragraph at lines 3527--3527
[]\TU/lmtt/m/n/10 ## 2    21-Jan-25   20250121  25-Jun-23 20230625             
             NA[] 
 []


Overfull \hbox (54.0pt too wide) in paragraph at lines 3527--3527
[]\TU/lmtt/m/n/10 ## 3    05-Jan-25   20250105  02-Dec-24 20241202      02-Dec-
24     20241202[] 
 []


Overfull \hbox (54.0pt too wide) in paragraph at lines 3527--3527
[]\TU/lmtt/m/n/10 ## 4    08-Sep-24   20240908  26-Feb-17 20170226             
             NA[] 
 []


Overfull \hbox (54.0pt too wide) in paragraph at lines 3527--3527
[]\TU/lmtt/m/n/10 ## 5    09-Jul-24   20240709  11-Mar-24 20240311      08-May-
24     20240508[] 
 []


Overfull \hbox (54.0pt too wide) in paragraph at lines 3527--3527
[]\TU/lmtt/m/n/10 ## 6    17-Jun-24   20240617  08-Mar-24 20240308      08-Mar-
24     20240308[] 
 []

[71] [72]
Overfull \hbox (54.0pt too wide) in paragraph at lines 3672--3672
[]\TU/lmtt/m/n/10 ##   NecropDateDt NecropDate DeadDateDt DeadDate Date1stHeard
Dt Date1stHeard[] 
 []


Overfull \hbox (54.0pt too wide) in paragraph at lines 3672--3672
[]\TU/lmtt/m/n/10 ## 1    31-Jan-25   20250131  22-Jan-25 20250122      30-Jan-
25     20250130[] 
 []


Overfull \hbox (54.0pt too wide) in paragraph at lines 3672--3672
[]\TU/lmtt/m/n/10 ## 2    21-Jan-25   20250121  25-Jun-23 20230625             
             NA[] 
 []


Overfull \hbox (54.0pt too wide) in paragraph at lines 3672--3672
[]\TU/lmtt/m/n/10 ## 3    05-Jan-25   20250105  02-Dec-24 20241202      02-Dec-
24     20241202[] 
 []


Overfull \hbox (85.5pt too wide) in paragraph at lines 3672--3672
[]\TU/lmtt/m/n/10 ##   AgeCarcass BestDead AnimalYear      Recorder           H
erd Animal_ID     Sex[] 
 []


Overfull \hbox (85.5pt too wide) in paragraph at lines 3672--3672
[]\TU/lmtt/m/n/10 ## 1          9       NA         NA     C_Massing Mt. William
son      M267    Male[] 
 []


Overfull \hbox (85.5pt too wide) in paragraph at lines 3672--3672
[]\TU/lmtt/m/n/10 ## 2        583       NA         NA M_Christopher     Mt. Bax
ter      M266    Male[] 
 []


Overfull \hbox (85.5pt too wide) in paragraph at lines 3672--3672
[]\TU/lmtt/m/n/10 ## 3         33 20241202       2024      L_Greene      Mt. Gi
bbs      M265 Unknown[] 
 []


Overfull \hbox (17.25pt too wide) in paragraph at lines 3672--3672
[]\TU/lmtt/m/n/10 ##   Age    AgeEstMethod GPS_CollarSerialNo_Date_FK CollarSN 
VHF_freq[] 
 []


Overfull \hbox (59.25pt too wide) in paragraph at lines 3672--3672
[]\TU/lmtt/m/n/10 ##                                                     Locati
on  InvestReason[] 
 []


Overfull \hbox (59.25pt too wide) in paragraph at lines 3672--3672
[]\TU/lmtt/m/n/10 ## 1 On Shepherd Pass trail, 1 mi up from TH, ~6800ft elevati
on Opportunistic[] 
 []


Overfull \hbox (59.25pt too wide) in paragraph at lines 3672--3672
[]\TU/lmtt/m/n/10 ## 2                                                   Sand M
tn Opportunistic[] 
 []


Overfull \hbox (59.25pt too wide) in paragraph at lines 3672--3672
[]\TU/lmtt/m/n/10 ## 3                                              Gibbs, S si
de  Lion Cluster[] 
 []


Overfull \hbox (285.0pt too wide) in paragraph at lines 3672--3672
[]\TU/lmtt/m/n/10 ##                                                           
                                             ConditionNotes[] 
 []


Overfull \hbox (285.0pt too wide) in paragraph at lines 3672--3672
[]\TU/lmtt/m/n/10 ## 1                      skeleton intact, ribs clipped, eate
n, most meat eaten but not all, legs with hair still intact[] 
 []


Overfull \hbox (285.0pt too wide) in paragraph at lines 3672--3672
[]\TU/lmtt/m/n/10 ## 2 old carcass, bleached bones, still close together, compl
ete skull attached to spine, couple loose ribs, jaw, pelvis[] 
 []


Overfull \hbox (285.0pt too wide) in paragraph at lines 3672--3672
[]\TU/lmtt/m/n/10 ## 3                                                         
    rumen and lower leg, snow may have covered some remains[] 
 []


Overfull \hbox (311.25pt too wide) in paragraph at lines 3672--3672
[]\TU/lmtt/m/n/10 ##                                                           
                                                        Evidence[] 
 []


Overfull \hbox (311.25pt too wide) in paragraph at lines 3672--3672
[]\TU/lmtt/m/n/10 ## 1                                                         
                       rumen intact, ribs clipped, hair plucked.[] 
 []


Overfull \hbox (311.25pt too wide) in paragraph at lines 3672--3672
[]\TU/lmtt/m/n/10 ## 2 could be lion, clipped ribs, broken pelvis, leg bones ch
ewed, all bones clost together, but it is all too old to be sure[] 
 []


Overfull \hbox (311.25pt too wide) in paragraph at lines 3672--3672
[]\TU/lmtt/m/n/10 ## 3                                                         
                   lion cluster, broken long bones, rumen intact[] 
 []


Overfull \hbox (1272.0pt too wide) in paragraph at lines 3672--3672
[]\TU/lmtt/m/n/10 ##                                                           
                                                                               
                                                                               
                                                                               
  Comments[] 
 []


Overfull \hbox (1272.0pt too wide) in paragraph at lines 3672--3672
[]\TU/lmtt/m/n/10 ## 1 Lion could have scavenged dead sheep. Sheep on trail, no
t below cliff. Collected scat in possible latrine, it was liquid (had dried), h
ard to know if it was lion scat. Lion hairs found in bed near carcass. Snow fel
l 5 days before and did not find clear tracks around carcass other than human a
nd canine.[] 
 []


Overfull \hbox (1272.0pt too wide) in paragraph at lines 3672--3672
[]\TU/lmtt/m/n/10 ## 2                                                         
                                                                               
                                                            estimated date of d
eath based on condition of bones, very unknown but skeleton still there and mos
tly intact[] 
 []


Overfull \hbox (1272.0pt too wide) in paragraph at lines 3672--3672
[]\TU/lmtt/m/n/10 ## 3                                                         
                                                                               
                                                                               
              metarsus measured ~21cm which could be very small adult or more l
ikely lamb[] 
 []

[73]
Overfull \hbox (80.25pt too wide) in paragraph at lines 3672--3672
[]\TU/lmtt/m/n/10 ##   CauseMortRevised RevisionReason PhotoTaken Houndsmen Rum
enIntact TracksFound[] 
 []


Overfull \hbox (80.25pt too wide) in paragraph at lines 3672--3672
[]\TU/lmtt/m/n/10 ## 1                                          Y              
       Y           N[] 
 []


Overfull \hbox (80.25pt too wide) in paragraph at lines 3672--3672
[]\TU/lmtt/m/n/10 ## 2                                          Y              
       N           N[] 
 []


Overfull \hbox (17.25pt too wide) in paragraph at lines 3672--3672
[]\TU/lmtt/m/n/10 ## 3                                          Y              
       Y[] 
 []


Overfull \hbox (1.5pt too wide) in paragraph at lines 3672--3672
[]\TU/lmtt/m/n/10 ##   ScatFound DragMarks Latrine Femur Tooth Mandible Skull L
ionID[] 
 []


Overfull \hbox (1.5pt too wide) in paragraph at lines 3672--3672
[]\TU/lmtt/m/n/10 ## 3                                                         
  267[] 
 []


Overfull \hbox (6.75pt too wide) in paragraph at lines 3672--3672
[]\TU/lmtt/m/n/10 ##   KillLocUsingGPSData LionClusterID AgeNew below_five belo
w_five[] 
 []


Overfull \hbox (6.75pt too wide) in paragraph at lines 3672--3672
[]\TU/lmtt/m/n/10 ## 1                   N                    7      FALSE     
 FALSE[] 
 []


Overfull \hbox (6.75pt too wide) in paragraph at lines 3672--3672
[]\TU/lmtt/m/n/10 ## 2                   N                   12       TRUE     
  TRUE[] 
 []


Overfull \hbox (6.75pt too wide) in paragraph at lines 3672--3672
[]\TU/lmtt/m/n/10 ## 3                   Y  267_20241202      1       TRUE     
  TRUE[] 
 []


Overfull \hbox (54.0pt too wide) in paragraph at lines 3725--3725
[]\TU/lmtt/m/n/10 ##   NecropDateDt NecropDate DeadDateDt DeadDate Date1stHeard
Dt Date1stHeard[] 
 []


Overfull \hbox (54.0pt too wide) in paragraph at lines 3725--3725
[]\TU/lmtt/m/n/10 ## 1    31-Jan-25   20250131  22-Jan-25 20250122      30-Jan-
25     20250130[] 
 []


Overfull \hbox (54.0pt too wide) in paragraph at lines 3725--3725
[]\TU/lmtt/m/n/10 ## 2    21-Jan-25   20250121  25-Jun-23 20230625             
             NA[] 
 []


Overfull \hbox (54.0pt too wide) in paragraph at lines 3725--3725
[]\TU/lmtt/m/n/10 ## 3    05-Jan-25   20250105  02-Dec-24 20241202      02-Dec-
24     20241202[] 
 []


Overfull \hbox (85.5pt too wide) in paragraph at lines 3725--3725
[]\TU/lmtt/m/n/10 ##   AgeCarcass BestDead AnimalYear      Recorder           H
erd Animal_ID     Sex[] 
 []


Overfull \hbox (85.5pt too wide) in paragraph at lines 3725--3725
[]\TU/lmtt/m/n/10 ## 1          9       NA         NA     C_Massing Mt. William
son      M267    Male[] 
 []


Overfull \hbox (85.5pt too wide) in paragraph at lines 3725--3725
[]\TU/lmtt/m/n/10 ## 2        583       NA         NA M_Christopher     Mt. Bax
ter      M266    Male[] 
 []


Overfull \hbox (85.5pt too wide) in paragraph at lines 3725--3725
[]\TU/lmtt/m/n/10 ## 3         33 20241202       2024      L_Greene      Mt. Gi
bbs      M265 Unknown[] 
 []


Overfull \hbox (17.25pt too wide) in paragraph at lines 3725--3725
[]\TU/lmtt/m/n/10 ##   Age    AgeEstMethod GPS_CollarSerialNo_Date_FK CollarSN 
VHF_freq[] 
 []


Overfull \hbox (59.25pt too wide) in paragraph at lines 3725--3725
[]\TU/lmtt/m/n/10 ##                                                     Locati
on  InvestReason[] 
 []


Overfull \hbox (59.25pt too wide) in paragraph at lines 3725--3725
[]\TU/lmtt/m/n/10 ## 1 On Shepherd Pass trail, 1 mi up from TH, ~6800ft elevati
on Opportunistic[] 
 []


Overfull \hbox (59.25pt too wide) in paragraph at lines 3725--3725
[]\TU/lmtt/m/n/10 ## 2                                                   Sand M
tn Opportunistic[] 
 []


Overfull \hbox (59.25pt too wide) in paragraph at lines 3725--3725
[]\TU/lmtt/m/n/10 ## 3                                              Gibbs, S si
de  Lion Cluster[] 
 []


Overfull \hbox (285.0pt too wide) in paragraph at lines 3725--3725
[]\TU/lmtt/m/n/10 ##                                                           
                                             ConditionNotes[] 
 []


Overfull \hbox (285.0pt too wide) in paragraph at lines 3725--3725
[]\TU/lmtt/m/n/10 ## 1                      skeleton intact, ribs clipped, eate
n, most meat eaten but not all, legs with hair still intact[] 
 []


Overfull \hbox (285.0pt too wide) in paragraph at lines 3725--3725
[]\TU/lmtt/m/n/10 ## 2 old carcass, bleached bones, still close together, compl
ete skull attached to spine, couple loose ribs, jaw, pelvis[] 
 []


Overfull \hbox (285.0pt too wide) in paragraph at lines 3725--3725
[]\TU/lmtt/m/n/10 ## 3                                                         
    rumen and lower leg, snow may have covered some remains[] 
 []


Overfull \hbox (311.25pt too wide) in paragraph at lines 3725--3725
[]\TU/lmtt/m/n/10 ##                                                           
                                                        Evidence[] 
 []


Overfull \hbox (311.25pt too wide) in paragraph at lines 3725--3725
[]\TU/lmtt/m/n/10 ## 1                                                         
                       rumen intact, ribs clipped, hair plucked.[] 
 []


Overfull \hbox (311.25pt too wide) in paragraph at lines 3725--3725
[]\TU/lmtt/m/n/10 ## 2 could be lion, clipped ribs, broken pelvis, leg bones ch
ewed, all bones clost together, but it is all too old to be sure[] 
 []


Overfull \hbox (311.25pt too wide) in paragraph at lines 3725--3725
[]\TU/lmtt/m/n/10 ## 3                                                         
                   lion cluster, broken long bones, rumen intact[] 
 []


Overfull \hbox (1272.0pt too wide) in paragraph at lines 3725--3725
[]\TU/lmtt/m/n/10 ##                                                           
                                                                               
                                                                               
                                                                               
  Comments[] 
 []


Overfull \hbox (1272.0pt too wide) in paragraph at lines 3725--3725
[]\TU/lmtt/m/n/10 ## 1 Lion could have scavenged dead sheep. Sheep on trail, no
t below cliff. Collected scat in possible latrine, it was liquid (had dried), h
ard to know if it was lion scat. Lion hairs found in bed near carcass. Snow fel
l 5 days before and did not find clear tracks around carcass other than human a
nd canine.[] 
 []


Overfull \hbox (1272.0pt too wide) in paragraph at lines 3725--3725
[]\TU/lmtt/m/n/10 ## 2                                                         
                                                                               
                                                            estimated date of d
eath based on condition of bones, very unknown but skeleton still there and mos
tly intact[] 
 []


Underfull \vbox (badness 10000) has occurred while \output is active []

[74]
Overfull \hbox (1272.0pt too wide) in paragraph at lines 3725--3725
[]\TU/lmtt/m/n/10 ## 3                                                         
                                                                               
                                                                               
              metarsus measured ~21cm which could be very small adult or more l
ikely lamb[] 
 []


Overfull \hbox (80.25pt too wide) in paragraph at lines 3725--3725
[]\TU/lmtt/m/n/10 ##   CauseMortRevised RevisionReason PhotoTaken Houndsmen Rum
enIntact TracksFound[] 
 []


Overfull \hbox (80.25pt too wide) in paragraph at lines 3725--3725
[]\TU/lmtt/m/n/10 ## 1                                          Y              
       Y           N[] 
 []


Overfull \hbox (80.25pt too wide) in paragraph at lines 3725--3725
[]\TU/lmtt/m/n/10 ## 2                                          Y              
       N           N[] 
 []


Overfull \hbox (17.25pt too wide) in paragraph at lines 3725--3725
[]\TU/lmtt/m/n/10 ## 3                                          Y              
       Y[] 
 []


Overfull \hbox (1.5pt too wide) in paragraph at lines 3725--3725
[]\TU/lmtt/m/n/10 ##   ScatFound DragMarks Latrine Femur Tooth Mandible Skull L
ionID[] 
 []


Overfull \hbox (1.5pt too wide) in paragraph at lines 3725--3725
[]\TU/lmtt/m/n/10 ## 3                                                         
  267[] 
 []


Overfull \hbox (19.12001pt too wide) in paragraph at lines 3759--3761
[]\TU/lmr/m/n/10 Print the names of the mort dataframe using \TU/lmtt/m/n/10 na
mes() \TU/lmr/m/n/10 and \TU/lmtt/m/n/10 dput(names(mort))\TU/lmr/m/n/10 .
 []

[75] [76]
Chapter 9.
[77

] [78]
Overfull \hbox (75.0pt too wide) in paragraph at lines 3906--3906
[]\TU/lmtt/m/n/10 ## Error in capt$weight_kg[i] * 2.20462: non-numeric argument
 to binary operator[] 
 []


Overfull \hbox (75.0pt too wide) in paragraph at lines 3932--3932
[]\TU/lmtt/m/n/10 ## Error in capt$weight_kg[i] * 2.20462: non-numeric argument
 to binary operator[] 
 []

[79] [80] [81]
Overfull \hbox (69.75pt too wide) in paragraph at lines 4102--4102
[]\TU/lmtt/m/n/10 ##  [1] FALSE FALSE FALSE  TRUE FALSE FALSE FALSE FALSE FALSE
  TRUE FALSE FALSE[] 
 []

[82] [83] [84]
Chapter 10.
[85

] [86

]
Chapter 11.
[87]
Underfull \vbox (badness 1360) has occurred while \output is active []

[88] [89]
LaTeX Font Info:    Font shape `TU/lmtt/bx/n' in size <14.4> not available
(Font)              Font shape `TU/lmtt/b/n' tried instead on input line 4444.
[90]
Chapter 12.
File: ./docs/files/bookmarks.png Graphic file (type bmp)
<./docs/files/bookmarks.png>

Underfull \vbox (badness 10000) has occurred while \output is active []

[91

] [92]
Chapter 13.
No file intro-to-r.bbl.
[93

] (./intro-to-r.aux)
 ***********
LaTeX2e <2023-11-01> patch level 1
L3 programming layer <2024-02-20>
 ***********

LaTeX Warning: There were undefined references.

 ) 
Here is how much of TeX's memory you used:
 19601 strings out of 474773
 360583 string characters out of 5757725
 1959839 words of memory out of 5000000
 41465 multiletter control sequences out of 15000+600000
 564552 words of font info for 93 fonts, out of 8000000 for 9000
 1348 hyphenation exceptions out of 8191
 90i,7n,121p,1007b,588s stack positions out of 10000i,1000n,20000p,200000b,200000s

Output written on intro-to-r.pdf (93 pages).
